<?xml version="1.0" encoding="UTF-8"?>
<testsuite xmlns:xsi="http://www.w3.org/2001/XMLSchema-instance" xsi:noNamespaceSchemaLocation="https://maven.apache.org/surefire/maven-surefire-plugin/xsd/surefire-test-report.xsd" version="3.0.2" name="com.talentgrid.notification.NotificationOrchestrationServiceTest" time="0.447" tests="5" errors="0" skipped="0" failures="0">
  <properties>
[...]
</properties>
  <testcase name="shouldDefaultToInAppWhenChannelsNull" classname="com.talentgrid.notification.NotificationOrchestrationServiceTest" time="0.428">
    <system-out><![CDATA[13:18:48.859 [main] INFO com.talentgrid.notification.service.NotificationOrchestrationService -- [NOTIFICATION] ▶ Processing | userId=101 | type=TEST | channels=[IN_APP] | ref=null:null | emailPresent=false
13:18:48.861 [main] INFO com.talentgrid.notification.service.NotificationOrchestrationService -- [NOTIFICATION] ▶ Attempting channel='IN_APP' | userId=101 | type=TEST
13:18:48.862 [main] INFO com.talentgrid.notification.service.NotificationOrchestrationService -- [NOTIFICATION] ✓ Channel='IN_APP' delivered | userId=101 | type=TEST
13:18:48.862 [main] INFO com.talentgrid.notification.service.NotificationOrchestrationService -- [NOTIFICATION] ✓ All channels delivered | userId=101 | type=TEST | success=1
]]></system-out>
    <system-err><![CDATA[Jun 08, 2026 1:18:48 PM org.junit.platform.launcher.core.LauncherConfigurationParameters loadClasspathResource
WARNING: Discovered 3 'junit-platform.properties' configuration files on the classpath (see below); only the first (*) will be used.
- jar:file:/Users/astephanas/.m2/repository/org/apache/kafka/kafka-clients/3.8.1/kafka-clients-3.8.1-test.jar!/junit-platform.properties (*)
- jar:file:/Users/astephanas/.m2/repository/org/apache/kafka/kafka-server-common/3.8.1/kafka-server-common-3.8.1-test.jar!/junit-platform.properties
- jar:file:/Users/astephanas/.m2/repository/org/apache/kafka/kafka_2.13/3.8.1/kafka_2.13-3.8.1-test.jar!/junit-platform.properties
Jun 08, 2026 1:18:48 PM org.junit.platform.launcher.core.LauncherConfigurationParameters loadClasspathResource
WARNING: Discovered 3 'junit-platform.properties' configuration files on the classpath (see below); only the first (*) will be used.
- jar:file:/Users/astephanas/.m2/repository/org/apache/kafka/kafka-clients/3.8.1/kafka-clients-3.8.1-test.jar!/junit-platform.properties (*)
- jar:file:/Users/astephanas/.m2/repository/org/apache/kafka/kafka-server-common/3.8.1/kafka-server-common-3.8.1-test.jar!/junit-platform.properties
- jar:file:/Users/astephanas/.m2/repository/org/apache/kafka/kafka_2.13/3.8.1/kafka_2.13-3.8.1-test.jar!/junit-platform.properties
Jun 08, 2026 1:18:48 PM org.junit.platform.launcher.core.LauncherConfigurationParameters loadClasspathResource
WARNING: Discovered 3 'junit-platform.properties' configuration files on the classpath (see below); only the first (*) will be used.
- jar:file:/Users/astephanas/.m2/repository/org/apache/kafka/kafka-clients/3.8.1/kafka-clients-3.8.1-test.jar!/junit-platform.properties (*)
- jar:file:/Users/astephanas/.m2/repository/org/apache/kafka/kafka-server-common/3.8.1/kafka-server-common-3.8.1-test.jar!/junit-platform.properties
- jar:file:/Users/astephanas/.m2/repository/org/apache/kafka/kafka_2.13/3.8.1/kafka_2.13-3.8.1-test.jar!/junit-platform.properties
Mockito is currently self-attaching to enable the inline-mock-maker. This will no longer work in future releases of the JDK. Please add Mockito as an agent to your build what is described in Mockito's documentation: https://javadoc.io/doc/org.mockito/mockito-core/latest/org/mockito/Mockito.html#0.3
WARNING: A Java agent has been loaded dynamically (/Users/astephanas/.m2/repository/net/bytebuddy/byte-buddy-agent/1.15.11/byte-buddy-agent-1.15.11.jar)
WARNING: If a serviceability tool is in use, please run with -XX:+EnableDynamicAgentLoading to hide this warning
WARNING: If a serviceability tool is not in use, please run with -Djdk.instrument.traceUsage for more information
WARNING: Dynamic loading of agents will be disallowed by default in a future release
]]></system-err>
  </testcase>
  <testcase name="shouldHandleNullPayloadGracefully" classname="com.talentgrid.notification.NotificationOrchestrationServiceTest" time="0.002">
    <system-out><![CDATA[13:18:48.872 [main] WARN com.talentgrid.notification.service.NotificationOrchestrationService -- [NOTIFICATION] Received null payload — ignoring
]]></system-out>
  </testcase>
  <testcase name="shouldSkipUnknownChannels" classname="com.talentgrid.notification.NotificationOrchestrationServiceTest" time="0.002">
    <system-out><![CDATA[13:18:48.874 [main] INFO com.talentgrid.notification.service.NotificationOrchestrationService -- [NOTIFICATION] ▶ Processing | userId=101 | type=TEST | channels=[UNKNOWN_CHANNEL] | ref=null:null | emailPresent=false
13:18:48.874 [main] WARN com.talentgrid.notification.service.NotificationOrchestrationService -- [NOTIFICATION] No handler registered for channel='UNKNOWN_CHANNEL' — skipping. Registered channels: []
13:18:48.874 [main] WARN com.talentgrid.notification.service.NotificationOrchestrationService -- [NOTIFICATION] ⚠ Delivery complete with failures | userId=101 | type=TEST | success=0 | failure=1
]]></system-out>
  </testcase>
  <testcase name="shouldContinueOnChannelFailure" classname="com.talentgrid.notification.NotificationOrchestrationServiceTest" time="0.004">
    <system-out><![CDATA[13:18:48.877 [main] INFO com.talentgrid.notification.service.NotificationOrchestrationService -- [NOTIFICATION] ▶ Processing | userId=101 | type=DEMAND_CREATED | channels=[IN_APP, EMAIL] | ref=null:null | emailPresent=false
13:18:48.877 [main] INFO com.talentgrid.notification.service.NotificationOrchestrationService -- [NOTIFICATION] ▶ Attempting channel='IN_APP' | userId=101 | type=DEMAND_CREATED
13:18:48.877 [main] INFO com.talentgrid.notification.service.NotificationOrchestrationService -- [NOTIFICATION] ✓ Channel='IN_APP' delivered | userId=101 | type=DEMAND_CREATED
13:18:48.877 [main] INFO com.talentgrid.notification.service.NotificationOrchestrationService -- [NOTIFICATION] ▶ Attempting channel='EMAIL' | userId=101 | type=DEMAND_CREATED
13:18:48.877 [main] ERROR com.talentgrid.notification.service.NotificationOrchestrationService -- [NOTIFICATION] ✗ Channel='EMAIL' delivery failed | userId=101 | type=DEMAND_CREATED | error=SMTP connection refused
java.lang.RuntimeException: SMTP connection refused
	at com.talentgrid.notification.service.NotificationOrchestrationService.process(NotificationOrchestrationService.java:78)
	at com.talentgrid.notification.NotificationOrchestrationServiceTest.shouldContinueOnChannelFailure(NotificationOrchestrationServiceTest.java:85)
	at java.base/jdk.internal.reflect.DirectMethodHandleAccessor.invoke(DirectMethodHandleAccessor.java:103)
	at java.base/java.lang.reflect.Method.invoke(Method.java:580)
	at org.junit.platform.commons.util.ReflectionUtils.invokeMethod(ReflectionUtils.java:767)
	at org.junit.jupiter.engine.execution.MethodInvocation.proceed(MethodInvocation.java:60)
	at org.junit.jupiter.engine.execution.InvocationInterceptorChain$ValidatingInvocation.proceed(InvocationInterceptorChain.java:131)
	at org.junit.jupiter.engine.extension.TimeoutExtension.intercept(TimeoutExtension.java:156)
	at org.junit.jupiter.engine.extension.TimeoutExtension.interceptTestableMethod(TimeoutExtension.java:147)
	at org.junit.jupiter.engine.extension.TimeoutExtension.interceptTestMethod(TimeoutExtension.java:86)
	at org.junit.jupiter.engine.execution.InterceptingExecutableInvoker$ReflectiveInterceptorCall.lambda$ofVoidMethod$0(InterceptingExecutableInvoker.java:103)
	at org.junit.jupiter.engine.execution.InterceptingExecutableInvoker.lambda$invoke$0(InterceptingExecutableInvoker.java:93)
	at org.junit.jupiter.engine.execution.InvocationInterceptorChain$InterceptedInvocation.proceed(InvocationInterceptorChain.java:106)
	at org.junit.jupiter.engine.execution.InvocationInterceptorChain.proceed(InvocationInterceptorChain.java:64)
	at org.junit.jupiter.engine.execution.InvocationInterceptorChain.chainAndInvoke(InvocationInterceptorChain.java:45)
	at org.junit.jupiter.engine.execution.InvocationInterceptorChain.invoke(InvocationInterceptorChain.java:37)
	at org.junit.jupiter.engine.execution.InterceptingExecutableInvoker.invoke(InterceptingExecutableInvoker.java:92)
	at org.junit.jupiter.engine.execution.InterceptingExecutableInvoker.invoke(InterceptingExecutableInvoker.java:86)
	at org.junit.jupiter.engine.descriptor.TestMethodTestDescriptor.lambda$invokeTestMethod$8(TestMethodTestDescriptor.java:217)
	at org.junit.platform.engine.support.hierarchical.ThrowableCollector.execute(ThrowableCollector.java:73)
	at org.junit.jupiter.engine.descriptor.TestMethodTestDescriptor.invokeTestMethod(TestMethodTestDescriptor.java:213)
	at org.junit.jupiter.engine.descriptor.TestMethodTestDescriptor.execute(TestMethodTestDescriptor.java:138)
	at org.junit.jupiter.engine.descriptor.TestMethodTestDescriptor.execute(TestMethodTestDescriptor.java:68)
	at org.junit.platform.engine.support.hierarchical.NodeTestTask.lambda$executeRecursively$6(NodeTestTask.java:156)
	at org.junit.platform.engine.support.hierarchical.ThrowableCollector.execute(ThrowableCollector.java:73)
	at org.junit.platform.engine.support.hierarchical.NodeTestTask.lambda$executeRecursively$8(NodeTestTask.java:146)
	at org.junit.platform.engine.support.hierarchical.Node.around(Node.java:137)
	at org.junit.platform.engine.support.hierarchical.NodeTestTask.lambda$executeRecursively$9(NodeTestTask.java:144)
	at org.junit.platform.engine.support.hierarchical.ThrowableCollector.execute(ThrowableCollector.java:73)
	at org.junit.platform.engine.support.hierarchical.NodeTestTask.executeRecursively(NodeTestTask.java:143)
	at org.junit.platform.engine.support.hierarchical.NodeTestTask.execute(NodeTestTask.java:100)
	at java.base/java.util.ArrayList.forEach(ArrayList.java:1596)
	at org.junit.platform.engine.support.hierarchical.SameThreadHierarchicalTestExecutorService.invokeAll(SameThreadHierarchicalTestExecutorService.java:41)
	at org.junit.platform.engine.support.hierarchical.NodeTestTask.lambda$executeRecursively$6(NodeTestTask.java:160)
	at org.junit.platform.engine.support.hierarchical.ThrowableCollector.execute(ThrowableCollector.java:73)
	at org.junit.platform.engine.support.hierarchical.NodeTestTask.lambda$executeRecursively$8(NodeTestTask.java:146)
	at org.junit.platform.engine.support.hierarchical.Node.around(Node.java:137)
	at org.junit.platform.engine.support.hierarchical.NodeTestTask.lambda$executeRecursively$9(NodeTestTask.java:144)
	at org.junit.platform.engine.support.hierarchical.ThrowableCollector.execute(ThrowableCollector.java:73)
	at org.junit.platform.engine.support.hierarchical.NodeTestTask.executeRecursively(NodeTestTask.java:143)
	at org.junit.platform.engine.support.hierarchical.NodeTestTask.execute(NodeTestTask.java:100)
	at java.base/java.util.ArrayList.forEach(ArrayList.java:1596)
	at org.junit.platform.engine.support.hierarchical.SameThreadHierarchicalTestExecutorService.invokeAll(SameThreadHierarchicalTestExecutorService.java:41)
	at org.junit.platform.engine.support.hierarchical.NodeTestTask.lambda$executeRecursively$6(NodeTestTask.java:160)
	at org.junit.platform.engine.support.hierarchical.ThrowableCollector.execute(ThrowableCollector.java:73)
	at org.junit.platform.engine.support.hierarchical.NodeTestTask.lambda$executeRecursively$8(NodeTestTask.java:146)
	at org.junit.platform.engine.support.hierarchical.Node.around(Node.java:137)
	at org.junit.platform.engine.support.hierarchical.NodeTestTask.lambda$executeRecursively$9(NodeTestTask.java:144)
	at org.junit.platform.engine.support.hierarchical.ThrowableCollector.execute(ThrowableCollector.java:73)
	at org.junit.platform.engine.support.hierarchical.NodeTestTask.executeRecursively(NodeTestTask.java:143)
	at org.junit.platform.engine.support.hierarchical.NodeTestTask.execute(NodeTestTask.java:100)
	at org.junit.platform.engine.support.hierarchical.SameThreadHierarchicalTestExecutorService.submit(SameThreadHierarchicalTestExecutorService.java:35)
	at org.junit.platform.engine.support.hierarchical.HierarchicalTestExecutor.execute(HierarchicalTestExecutor.java:57)
	at org.junit.platform.engine.support.hierarchical.HierarchicalTestEngine.execute(HierarchicalTestEngine.java:54)
	at org.junit.platform.launcher.core.EngineExecutionOrchestrator.execute(EngineExecutionOrchestrator.java:198)
	at org.junit.platform.launcher.core.EngineExecutionOrchestrator.execute(EngineExecutionOrchestrator.java:169)
	at org.junit.platform.launcher.core.EngineExecutionOrchestrator.execute(EngineExecutionOrchestrator.java:93)
	at org.junit.platform.launcher.core.EngineExecutionOrchestrator.lambda$execute$0(EngineExecutionOrchestrator.java:58)
	at org.junit.platform.launcher.core.EngineExecutionOrchestrator.withInterceptedStreams(EngineExecutionOrchestrator.java:141)
	at org.junit.platform.launcher.core.EngineExecutionOrchestrator.execute(EngineExecutionOrchestrator.java:57)
	at org.junit.platform.launcher.core.DefaultLauncher.execute(DefaultLauncher.java:103)
	at org.junit.platform.launcher.core.DefaultLauncher.execute(DefaultLauncher.java:85)
	at org.junit.platform.launcher.core.DelegatingLauncher.execute(DelegatingLauncher.java:47)
	at org.apache.maven.surefire.junitplatform.LazyLauncher.execute(LazyLauncher.java:56)
	at org.apache.maven.surefire.junitplatform.JUnitPlatformProvider.execute(JUnitPlatformProvider.java:194)
	at org.apache.maven.surefire.junitplatform.JUnitPlatformProvider.invokeAllTests(JUnitPlatformProvider.java:150)
	at org.apache.maven.surefire.junitplatform.JUnitPlatformProvider.invoke(JUnitPlatformProvider.java:124)
	at org.apache.maven.surefire.booter.ForkedBooter.runSuitesInProcess(ForkedBooter.java:385)
	at org.apache.maven.surefire.booter.ForkedBooter.execute(ForkedBooter.java:162)
	at org.apache.maven.surefire.booter.ForkedBooter.run(ForkedBooter.java:507)
	at org.apache.maven.surefire.booter.ForkedBooter.main(ForkedBooter.java:495)
13:18:48.879 [main] WARN com.talentgrid.notification.service.NotificationOrchestrationService -- [NOTIFICATION] ⚠ Delivery complete with failures | userId=101 | type=DEMAND_CREATED | success=1 | failure=1
]]></system-out>
  </testcase>
  <testcase name="shouldDeliverToBothChannels" classname="com.talentgrid.notification.NotificationOrchestrationServiceTest" time="0.002">
    <system-out><![CDATA[13:18:48.881 [main] INFO com.talentgrid.notification.service.NotificationOrchestrationService -- [NOTIFICATION] ▶ Processing | userId=101 | type=DEMAND_APPROVED | channels=[IN_APP, EMAIL] | ref=DEMAND:demand-42 | emailPresent=true
13:18:48.881 [main] INFO com.talentgrid.notification.service.NotificationOrchestrationService -- [NOTIFICATION] ▶ Attempting channel='IN_APP' | userId=101 | type=DEMAND_APPROVED
13:18:48.881 [main] INFO com.talentgrid.notification.service.NotificationOrchestrationService -- [NOTIFICATION] ✓ Channel='IN_APP' delivered | userId=101 | type=DEMAND_APPROVED
13:18:48.881 [main] INFO com.talentgrid.notification.service.NotificationOrchestrationService -- [NOTIFICATION] ▶ Attempting channel='EMAIL' | userId=101 | type=DEMAND_APPROVED
13:18:48.881 [main] INFO com.talentgrid.notification.service.NotificationOrchestrationService -- [NOTIFICATION] ✓ Channel='EMAIL' delivered | userId=101 | type=DEMAND_APPROVED
13:18:48.881 [main] INFO com.talentgrid.notification.service.NotificationOrchestrationService -- [NOTIFICATION] ✓ All channels delivered | userId=101 | type=DEMAND_APPROVED | success=2
]]></system-out>
  </testcase>
</testsuite>